0 info it worked if it ends with ok
1 verbose cli [ 'C:\\Program Files (x86)\\nodejs\\node.exe',
1 verbose cli   'C:\\Program Files (x86)\\nodejs\\node_modules\\npm\\bin\\npm-cli.js',
1 verbose cli   'install',
1 verbose cli   'papercss',
1 verbose cli   '–save' ]
2 info using npm@3.10.10
3 info using node@v6.10.3
4 silly loadCurrentTree Starting
5 silly install loadCurrentTree
6 silly install readLocalPackageData
7 silly fetchPackageMetaData papercss
8 silly fetchPackageMetaData –save
9 silly fetchOtherPackageData –save
10 silly cache add args [ '–save', null ]
11 verbose cache add spec –save
12 silly fetchDirectoryPackageData papercss
13 silly cache add parsed spec Result {
13 silly cache add   raw: '–save',
13 silly cache add   scope: null,
13 silly cache add   escapedName: null,
13 silly cache add   name: null,
13 silly cache add   rawSpec: '–save',
13 silly cache add   spec: 'C:\\Users\\pasa-\\Desktop\\Papper-css\\Paddy-papper-css\\–save',
13 silly cache add   type: 'local' }
14 error addLocal Could not install C:\Users\pasa-\Desktop\Papper-css\Paddy-papper-css\–save
15 silly fetchPackageMetaData Error: ENOENT: no such file or directory, open 'C:\Users\pasa-\Desktop\Papper-css\Paddy-papper-css\–save'
15 silly fetchPackageMetaData     at Error (native)
15 silly fetchPackageMetaData  error for –save { Error: ENOENT: no such file or directory, open 'C:\Users\pasa-\Desktop\Papper-css\Paddy-papper-css\–save'
15 silly fetchPackageMetaData     at Error (native)
15 silly fetchPackageMetaData   errno: -4058,
15 silly fetchPackageMetaData   code: 'ENOENT',
15 silly fetchPackageMetaData   syscall: 'open',
15 silly fetchPackageMetaData   path: 'C:\\Users\\pasa-\\Desktop\\Papper-css\\Paddy-papper-css\\–save' }
16 silly rollbackFailedOptional Starting
17 silly rollbackFailedOptional Finishing
18 silly runTopLevelLifecycles Finishing
19 silly install printInstalled
20 verbose stack Error: ENOENT: no such file or directory, open 'C:\Users\pasa-\Desktop\Papper-css\Paddy-papper-css\–save'
20 verbose stack     at Error (native)
21 verbose cwd C:\Users\pasa-\Desktop\Papper-css\Paddy-papper-css
22 error Windows_NT 10.0.22631
23 error argv "C:\\Program Files (x86)\\nodejs\\node.exe" "C:\\Program Files (x86)\\nodejs\\node_modules\\npm\\bin\\npm-cli.js" "install" "papercss" "–save"
24 error node v6.10.3
25 error npm  v3.10.10
26 error path C:\Users\pasa-\Desktop\Papper-css\Paddy-papper-css\–save
27 error code ENOENT
28 error errno -4058
29 error syscall open
30 error enoent ENOENT: no such file or directory, open 'C:\Users\pasa-\Desktop\Papper-css\Paddy-papper-css\–save'
31 error enoent ENOENT: no such file or directory, open 'C:\Users\pasa-\Desktop\Papper-css\Paddy-papper-css\–save'
31 error enoent This is most likely not a problem with npm itself
31 error enoent and is related to npm not being able to find a file.
32 verbose exit [ -4058, true ]
